<?xml version="1.0" encoding="UTF-8"?>
<!-- Generated by org.testng.reporters.JUnitXMLReporter -->
<testsuite ignored="8" hostname="Sneha" failures="0" tests="4" name="Test" time="0.061" errors="0" timestamp="2022-11-23T15:21:56 IST">
  <testcase classname="TestNGSTUDY12.GroupingTest1" name="C" time="0.008"/>
  <testcase classname="TestNGSTUDY12.GroupingTest1" name="E" time="0.001"/>
  <testcase classname="TestNGSTUDY12.GroupingTest1" name="G" time="0.001"/>
  <testcase classname="TestNGSTUDY12.GroupingTest" name="D" time="0.001"/>
  <testcase classname="TestNGSTUDY12.GroupingTest1" name="B" time="0.0">
    <ignored/>
  </testcase> <!-- B -->
  <testcase classname="TestNGSTUDY12.GroupingTest1" name="D" time="0.0">
    <ignored/>
  </testcase> <!-- D -->
  <testcase classname="TestNGSTUDY12.GroupingTest1" name="A" time="0.0">
    <ignored/>
  </testcase> <!-- A -->
  <testcase classname="TestNGSTUDY12.GroupingTest1" name="F" time="0.0">
    <ignored/>
  </testcase> <!-- F -->
  <testcase classname="TestNGSTUDY12.GroupingTest" name="A" time="0.0">
    <ignored/>
  </testcase> <!-- A -->
  <testcase classname="TestNGSTUDY12.GroupingTest" name="B" time="0.0">
    <ignored/>
  </testcase> <!-- B -->
  <testcase classname="TestNGSTUDY12.GroupingTest" name="C" time="0.0">
    <ignored/>
  </testcase> <!-- C -->
  <testcase classname="TestNGSTUDY12.GroupingTest" name="E" time="0.0">
    <ignored/>
  </testcase> <!-- E -->
</testsuite> <!-- Test -->
